c:\users\admin\source\repos\yolo_tracking\yolo_cuda\x64\dll_release\activation_layer.obj
c:\users\admin\source\repos\yolo_tracking\yolo_cuda\x64\dll_release\blas.obj
c:\users\admin\source\repos\yolo_tracking\yolo_cuda\x64\dll_release\cifar.obj
c:\users\admin\source\repos\yolo_tracking\yolo_cuda\x64\dll_release\compare.obj
c:\users\admin\source\repos\yolo_tracking\yolo_cuda\x64\dll_release\conv_lstm_layer.obj
c:\users\admin\source\repos\yolo_tracking\yolo_cuda\x64\dll_release\darknet.obj
c:\users\admin\source\repos\yolo_tracking\yolo_cuda\x64\dll_release\demo.obj
c:\users\admin\source\repos\yolo_tracking\yolo_cuda\x64\dll_release\go.obj
c:\users\admin\source\repos\yolo_tracking\yolo_cuda\x64\dll_release\im2col.obj
c:\users\admin\source\repos\yolo_tracking\yolo_cuda\x64\dll_release\list.obj
c:\users\admin\source\repos\yolo_tracking\yolo_cuda\x64\dll_release\matrix.obj
c:\users\admin\source\repos\yolo_tracking\yolo_cuda\x64\dll_release\nightmare.obj
c:\users\admin\source\repos\yolo_tracking\yolo_cuda\x64\dll_release\region_layer.obj
c:\users\admin\source\repos\yolo_tracking\yolo_cuda\x64\dll_release\rnn_vid.obj
c:\users\admin\source\repos\yolo_tracking\yolo_cuda\x64\dll_release\shortcut_layer.obj
c:\users\admin\source\repos\yolo_tracking\yolo_cuda\x64\dll_release\tag.obj
c:\users\admin\source\repos\yolo_tracking\yolo_cuda\x64\dll_release\voxel.obj
c:\users\admin\source\repos\yolo_tracking\yolo_cuda\x64\dll_release\yolo_layer.obj
c:\users\admin\source\repos\yolo_tracking\yolo_cuda\x64\dll_release\art.obj
c:\users\admin\source\repos\yolo_tracking\yolo_cuda\x64\dll_release\coco.obj
c:\users\admin\source\repos\yolo_tracking\yolo_cuda\x64\dll_release\convolutional_layer.obj
c:\users\admin\source\repos\yolo_tracking\yolo_cuda\x64\dll_release\crnn_layer.obj
c:\users\admin\source\repos\yolo_tracking\yolo_cuda\x64\dll_release\data.obj
c:\users\admin\source\repos\yolo_tracking\yolo_cuda\x64\dll_release\dice.obj
c:\users\admin\source\repos\yolo_tracking\yolo_cuda\x64\dll_release\gemm.obj
c:\users\admin\source\repos\yolo_tracking\yolo_cuda\x64\dll_release\gru_layer.obj
c:\users\admin\source\repos\yolo_tracking\yolo_cuda\x64\dll_release\layer.obj
c:\users\admin\source\repos\yolo_tracking\yolo_cuda\x64\dll_release\lstm_layer.obj
c:\users\admin\source\repos\yolo_tracking\yolo_cuda\x64\dll_release\normalization_layer.obj
c:\users\admin\source\repos\yolo_tracking\yolo_cuda\x64\dll_release\reorg_layer.obj
c:\users\admin\source\repos\yolo_tracking\yolo_cuda\x64\dll_release\rnn_layer.obj
c:\users\admin\source\repos\yolo_tracking\yolo_cuda\x64\dll_release\scale_channels_layer.obj
c:\users\admin\source\repos\yolo_tracking\yolo_cuda\x64\dll_release\swag.obj
c:\users\admin\source\repos\yolo_tracking\yolo_cuda\x64\dll_release\utils.obj
c:\users\admin\source\repos\yolo_tracking\yolo_cuda\x64\dll_release\activations.obj
c:\users\admin\source\repos\yolo_tracking\yolo_cuda\x64\dll_release\box.obj
c:\users\admin\source\repos\yolo_tracking\yolo_cuda\x64\dll_release\captcha.obj
c:\users\admin\source\repos\yolo_tracking\yolo_cuda\x64\dll_release\col2im.obj
c:\users\admin\source\repos\yolo_tracking\yolo_cuda\x64\dll_release\connected_layer.obj
c:\users\admin\source\repos\yolo_tracking\yolo_cuda\x64\dll_release\cost_layer.obj
c:\users\admin\source\repos\yolo_tracking\yolo_cuda\x64\dll_release\dark_cuda.obj
c:\users\admin\source\repos\yolo_tracking\yolo_cuda\x64\dll_release\detection_layer.obj
c:\users\admin\source\repos\yolo_tracking\yolo_cuda\x64\dll_release\dropout_layer.obj
c:\users\admin\source\repos\yolo_tracking\yolo_cuda\x64\dll_release\gettimeofday.obj
c:\users\admin\source\repos\yolo_tracking\yolo_cuda\x64\dll_release\local_layer.obj
c:\users\admin\source\repos\yolo_tracking\yolo_cuda\x64\dll_release\maxpool_layer.obj
c:\users\admin\source\repos\yolo_tracking\yolo_cuda\x64\dll_release\option_list.obj
c:\users\admin\source\repos\yolo_tracking\yolo_cuda\x64\dll_release\reorg_old_layer.obj
c:\users\admin\source\repos\yolo_tracking\yolo_cuda\x64\dll_release\route_layer.obj
c:\users\admin\source\repos\yolo_tracking\yolo_cuda\x64\dll_release\softmax_layer.obj
c:\users\admin\source\repos\yolo_tracking\yolo_cuda\x64\dll_release\tree.obj
c:\users\admin\source\repos\yolo_tracking\yolo_cuda\x64\dll_release\writing.obj
c:\users\admin\source\repos\yolo_tracking\yolo_cuda\x64\dll_release\avgpool_layer.obj
c:\users\admin\source\repos\yolo_tracking\yolo_cuda\x64\dll_release\batchnorm_layer.obj
c:\users\admin\source\repos\yolo_tracking\yolo_cuda\x64\dll_release\classifier.obj
c:\users\admin\source\repos\yolo_tracking\yolo_cuda\x64\dll_release\cpu_gemm.obj
c:\users\admin\source\repos\yolo_tracking\yolo_cuda\x64\dll_release\crop_layer.obj
c:\users\admin\source\repos\yolo_tracking\yolo_cuda\x64\dll_release\deconvolutional_layer.obj
c:\users\admin\source\repos\yolo_tracking\yolo_cuda\x64\dll_release\detector.obj
c:\users\admin\source\repos\yolo_tracking\yolo_cuda\x64\dll_release\getopt.obj
c:\users\admin\source\repos\yolo_tracking\yolo_cuda\x64\dll_release\image.obj
c:\users\admin\source\repos\yolo_tracking\yolo_cuda\x64\dll_release\network.obj
c:\users\admin\source\repos\yolo_tracking\yolo_cuda\x64\dll_release\parser.obj
c:\users\admin\source\repos\yolo_tracking\yolo_cuda\x64\dll_release\rnn.obj
c:\users\admin\source\repos\yolo_tracking\yolo_cuda\x64\dll_release\sam_layer.obj
c:\users\admin\source\repos\yolo_tracking\yolo_cuda\x64\dll_release\super.obj
c:\users\admin\source\repos\yolo_tracking\yolo_cuda\x64\dll_release\upsample_layer.obj
c:\users\admin\source\repos\yolo_tracking\yolo_cuda\x64\dll_release\yolo.obj
c:\users\admin\source\repos\yolo_tracking\yolo_cuda\x64\dll_release\vc142.pdb
c:\users\admin\source\repos\yolo_tracking\yolo_cuda\x64\dll_release\image_opencv.obj
c:\users\admin\source\repos\yolo_tracking\yolo_cuda\x64\dll_release\yolo_class.obj
c:\users\admin\source\repos\yolo_tracking\yolo_cuda\x64\dll_release\http_stream.obj
x64\dll_release\activation_kernels.cu.obj
x64\dll_release\avgpool_layer_kernels.cu.obj
x64\dll_release\blas_kernels.cu.obj
x64\dll_release\col2im_kernels.cu.obj
x64\dll_release\convolutional_kernels.cu.obj
x64\dll_release\crop_layer_kernels.cu.obj
x64\dll_release\deconvolutional_kernels.cu.obj
x64\dll_release\dropout_layer_kernels.cu.obj
x64\dll_release\im2col_kernels.cu.obj
x64\dll_release\maxpool_layer_kernels.cu.obj
x64\dll_release\network_kernels.cu.obj
c:\users\admin\source\repos\yolo_tracking\x64\yolo_cuda.dll
c:\users\admin\source\repos\yolo_tracking\x64\yolo_cuda.pdb
c:\users\admin\source\repos\yolo_tracking\x64\yolo_cuda.lib
c:\users\admin\source\repos\yolo_tracking\x64\yolo_cuda.exp
c:\users\admin\source\repos\yolo_tracking\x64\yolo_cuda.ipdb
c:\users\admin\source\repos\yolo_tracking\x64\yolo_cuda.iobj
c:\users\admin\source\repos\yolo_tracking\yolo_cuda\x64\dll_release\activation_kernels.cu.cache
c:\users\admin\source\repos\yolo_tracking\yolo_cuda\x64\dll_release\avgpool_layer_kernels.cu.cache
c:\users\admin\source\repos\yolo_tracking\yolo_cuda\x64\dll_release\blas_kernels.cu.cache
c:\users\admin\source\repos\yolo_tracking\yolo_cuda\x64\dll_release\col2im_kernels.cu.cache
c:\users\admin\source\repos\yolo_tracking\yolo_cuda\x64\dll_release\convolutional_kernels.cu.cache
c:\users\admin\source\repos\yolo_tracking\yolo_cuda\x64\dll_release\crop_layer_kernels.cu.cache
c:\users\admin\source\repos\yolo_tracking\yolo_cuda\x64\dll_release\deconvolutional_kernels.cu.cache
c:\users\admin\source\repos\yolo_tracking\yolo_cuda\x64\dll_release\dropout_layer_kernels.cu.cache
c:\users\admin\source\repos\yolo_tracking\yolo_cuda\x64\dll_release\im2col_kernels.cu.cache
c:\users\admin\source\repos\yolo_tracking\yolo_cuda\x64\dll_release\maxpool_layer_kernels.cu.cache
c:\users\admin\source\repos\yolo_tracking\yolo_cuda\x64\dll_release\network_kernels.cu.cache
c:\users\admin\source\repos\yolo_tracking\yolo_cuda\x64\dll_release\activation_kernels.cu.obj
c:\users\admin\source\repos\yolo_tracking\yolo_cuda\x64\dll_release\avgpool_layer_kernels.cu.obj
c:\users\admin\source\repos\yolo_tracking\yolo_cuda\x64\dll_release\blas_kernels.cu.obj
c:\users\admin\source\repos\yolo_tracking\yolo_cuda\x64\dll_release\col2im_kernels.cu.obj
c:\users\admin\source\repos\yolo_tracking\yolo_cuda\x64\dll_release\convolutional_kernels.cu.obj
c:\users\admin\source\repos\yolo_tracking\yolo_cuda\x64\dll_release\crop_layer_kernels.cu.obj
c:\users\admin\source\repos\yolo_tracking\yolo_cuda\x64\dll_release\deconvolutional_kernels.cu.obj
c:\users\admin\source\repos\yolo_tracking\yolo_cuda\x64\dll_release\dropout_layer_kernels.cu.obj
c:\users\admin\source\repos\yolo_tracking\yolo_cuda\x64\dll_release\im2col_kernels.cu.obj
c:\users\admin\source\repos\yolo_tracking\yolo_cuda\x64\dll_release\maxpool_layer_kernels.cu.obj
c:\users\admin\source\repos\yolo_tracking\yolo_cuda\x64\dll_release\network_kernels.cu.obj
c:\users\admin\source\repos\yolo_tracking\yolo_cuda\x64\dll_release\yolo_cuda.tlog\cl.2216.write.1.tlog
c:\users\admin\source\repos\yolo_tracking\yolo_cuda\x64\dll_release\yolo_cuda.tlog\cl.command.1.tlog
c:\users\admin\source\repos\yolo_tracking\yolo_cuda\x64\dll_release\yolo_cuda.tlog\cl.read.1.tlog
c:\users\admin\source\repos\yolo_tracking\yolo_cuda\x64\dll_release\yolo_cuda.tlog\cudacompile.read.1u.tlog
c:\users\admin\source\repos\yolo_tracking\yolo_cuda\x64\dll_release\yolo_cuda.tlog\cudacompile.write.1u.tlog
c:\users\admin\source\repos\yolo_tracking\yolo_cuda\x64\dll_release\yolo_cuda.tlog\link.command.1.tlog
c:\users\admin\source\repos\yolo_tracking\yolo_cuda\x64\dll_release\yolo_cuda.tlog\link.read.1.tlog
c:\users\admin\source\repos\yolo_tracking\yolo_cuda\x64\dll_release\yolo_cuda.tlog\link.write.1.tlog
c:\users\admin\source\repos\yolo_tracking\yolo_cuda\x64\dll_release\yolo_cuda.tlog\yolo_cuda.write.1u.tlog
